evaluatePreOrder with expression: (({\x.{\y.(y x)}} A) B)
0--({\y.(y A)} B)
1--(B A)
Expression Evaluates To: (B A)
evaluatePreOrder with expression: (({\x.{\y.(x (x y))}} A) B)
0--({\y.(A (A y))} B)
1--(A (A B))
Expression Evaluates To: (A (A B))
evaluatePreOrder with expression: (({\x.{\y.(x y)}} {\z.(z z)}) A)
0--({\y.({\z.(z z)} y)} A)
1--({\z.(z z)} A)
2--(A A)
Expression Evaluates To: (A A)
evaluatePreOrder with expression: (({\x.{\y.(x (x (x y)))}} {\z.(z z)}) A)
0--({\y.({\z.(z z)} ({\a.(a a)} ({\b.(b b)} y)))} A)
1--({\z.(z z)} ({\a.(a a)} ({\b.(b b)} A)))
2--(({\a.(a a)} ({\b.(b b)} A)) ({\c.(c c)} ({\d.(d d)} A)))
3--((({\b.(b b)} A) ({\e.(e e)} A)) ({\c.(c c)} ({\d.(d d)} A)))
4--(((A A) ({\e.(e e)} A)) ({\c.(c c)} ({\d.(d d)} A)))
5--(((A A) (A A)) ({\c.(c c)} ({\d.(d d)} A)))
6--(((A A) (A A)) (({\d.(d d)} A) ({\f.(f f)} A)))
7--(((A A) (A A)) ((A A) ({\f.(f f)} A)))
8--(((A A) (A A)) ((A A) (A A)))
Expression Evaluates To: (((A A) (A A)) ((A A) (A A)))
evaluatePostOrder with expression: (({\x.{\y.(y x)}} A) B)
0--({\y.(y A)} B)
1--(B A)
Expression Evaluates To: (B A)
evaluatePostOrder with expression: (({\x.{\y.(x (x y))}} A) B)
0--({\y.(A (A y))} B)
1--(A (A B))
Expression Evaluates To: (A (A B))
evaluatePostOrder with expression: (({\x.{\y.(x y)}} {\z.(z z)}) A)
0--({\y.({\z.(z z)} y)} A)
1--({\y.(y y)} A)
2--(A A)
Expression Evaluates To: (A A)
evaluatePostOrder with expression: (({\x.{\y.(x (x (x y)))}} {\z.(z z)}) A)
0--({\y.({\z.(z z)} ({\a.(a a)} ({\b.(b b)} y)))} A)
1--({\y.({\z.(z z)} ({\a.(a a)} (y y)))} A)
2--({\y.({\z.(z z)} ((y y) (y y)))} A)
3--({\y.(((y y) (y y)) ((y y) (y y)))} A)
4--(((A A) (A A)) ((A A) (A A)))
Expression Evaluates To: (((A A) (A A)) ((A A) (A A)))
Combinator Dictionary is:
variableSettings:
maxEvalSteps: 10000
preOrderEvaluate: 0
printLevel: 1
